[INFO]-[BNL_Browser]: 2022-01-02T22:28:49 {38f8} [INFO] - setting background color 'ff15171e'.
[INFO]-[BNL_Browser]: 2022-01-02T22:28:49 {3e24} [INFO] - UserAgent: BlizzardBrowser/5.2.1.485 Chrome/83.0.4103.106 SimpleCheckout/5.2.10/FORE
[INFO]-[BNL_Browser]: 2022-01-02T22:28:49 {38f8} [INFO] - UserAgent: BlizzardBrowser/5.2.1.485 Chrome/83.0.4103.106 SimpleCheckout/5.2.10/FORE
[INFO]-[BNL_Browser]: 2022-01-02T22:28:49 {3e24} [INFO] - [BrowserProcessHandler] Create invoked. winSize: {0, 0}; 570; 548
[INFO]-[BNL_Browser]: 2022-01-02T22:28:49 {38f8} [INFO] - [BrowserProcessHandler] Create invoked. winSize: {0, 0}; 570; 100
3, b:30, a:255}
[INFO]-[BNL_Browser]: 2022-01-02T22:28:49 {38f8} [INFO] - [BrowserProcessHandler] BrowserConfig::backgroundColor: {r:21, g:23, b:30, a:255}
[INFO]-[BNL_Browser]: 2022-01-02T22:28:49 {3e24} [INFO] - [BrowserProcessHandler] BrowserConfig::enableHardwareAcceleration: true
[INFO]-[BNL_Browser]: 2022-01-02T22:28:49 {38f8} [INFO] - [BrowserProcessHandler] BrowserConfig::enableHardwareAcceleration: true
[INFO]-[BNL_Browser]: 2022-01-02T22:28:49 {3e24} [INFO] - [BrowserProcessHandler] BrowserConfig::enableLocalStorage: true
[INFO]-[BNL_Browser]: 2022-01-02T22:28:49 {3e24} [INFO] - [BrowserProcessHandler] BrowserConfig::enablePlugins: false
rue
[INFO]-[BNL_Browser]: 2022-01-02T22:28:49 {3e24} [INFO] - [BrowserProcessHandler] BrowserConfig::showCrashDialog: false
[INFO]-[BNL_Browser]: 2022-01-02T22:28:49 {3e24} [INFO] - [BrowserProcessHandler] BrowserConfig::showNativeScrollBar: true
[INFO]-[BNL_Browser]: 2022-01-02T22:28:49 {38f8} [INFO] - [BrowserProcessHandler] BrowserConfig::showNativeScrollBar: false
[INFO]-[BNL_Browser]: 2022-01-02T22:28:49 {3e24} [INFO] - [BrowserProcessHandler] BrowserConfig::startUrl: "about:blank"
[INFO]-[BNL_Browser]: 2022-01-02T22:28:49 {38f8} [INFO] - [BrowserProcessHandler] BrowserConfig::startUrl: "about:blank"
[INFO]-[BNL_Browser]: 2022-01-02T22:28:49 {3e24} [INFO] - [BrowserProcessHandler] BrowserConfig::userAgentToken: "SimpleCheckout/5.2.10/FORE"
[INFO]-[BNL_Browser]: 2022-01-02T22:28:49 {38f8} [INFO] - [BrowserProcessHandler] BrowserConfig::userAgentToken: "SimpleCheckout/5.2.10/FORE"
[INFO]-[BNL_Browser]: 2022-01-02T22:28:49 {3e24} [INFO] - [BrowserProcessHandler] BrowserConfig::webkitLocale: 2
[INFO]-[BNL_Browser]: 2022-01-02T22:28:49 {38f8} [INFO] - [BrowserProcessHandler] BrowserConfig::webkitLocale: 2
[INFO]-[BNL_Browser]: 2022-01-02T22:28:49 {3e24} [INFO] - [BrowserProcessHandler] OnLoadingStateChange loading:true goBack:false goForward:false
[INFO]-[BNL_Browser]: 2022-01-02T22:28:49 {38f8} [INFO] - [BrowserProcessHandler] OnLoadingStateChange loading:true goBack:false goForward:false
[INFO]-[BNL_Browser]: 2022-01-02T22:28:49 {3e24} [INFO] - [BrowserProcessHandler] OnTakeFocus source:0
[INFO]-[BNL_Browser]: 2022-01-02T22:28:49 {3e24} [INFO] - [BrowserProcessHandler] OnGotFocus
[INFO]-[BNL_Browser]: 2022-01-02T22:28:49 {38f8} [INFO] - [BrowserProcessHandler] OnTakeFocus source:0
[INFO]-[BNL_Browser]: 2022-01-02T22:28:49 {38f8} [INFO] - [BrowserProcessHandler] OnGotFocus
[INFO]-[BNL_Browser]: 2022-01-02T22:28:49 {38f8} [INFO] - [BrowserProcessHandler] OnLoadStart type:33554433 frame:17179869185
[INFO]-[BNL_Browser]: 2022-01-02T22:28:49 {3e24} [INFO] - [BrowserProcessHandler] OnLoadStart type:33554433 frame:17179869185
[INFO]-[BNL_Browser]: 2022-01-02T22:28:49 {38f8} [INFO] - [BrowserProcessHandler] OnLoadEnd frame:17179869185
[INFO]-[BNL_Browser]: 2022-01-02T22:28:49 {38f8} [INFO] - [BrowserProcessHandler] OnLoadingStateChange loading:false goBack:false goForward:false
[INFO]-[BNL_Browser]: 2022-01-02T22:28:49 {3e24} [INFO] - first page load completed
[INFO]-[BNL_Browser]: 2022-01-02T22:28:49 {38f8} [INFO] - first page load completed
[INFO]-[BNL_Browser]: 2022-01-02T22:28:49 {38f8} [INFO] - [BrowserProcessHandler] OnTitleChange
[INFO]-[BNL_Browser]: 2022-01-02T22:28:49 {38f8} [INFO] - [BrowserProcessHandler] OnLoadingStateChange loading:true goBack:false goForward:false
[INFO]-[BNL_Browser]: 2022-01-02T22:28:49 {3e24} [INFO] - [BrowserProcessHandler] OnTakeFocus source:0
[INFO]-[BNL_Browser]: 2022-01-02T22:28:49 {38f8} [INFO] - [BrowserProcessHandler] OnGotFocus
[INFO]-[BNL_Browser]: 2022-01-02T22:28:49 {3e24} [INFO] - [BrowserProcessHandler] OnGotFocus
[INFO]-[BNL_Browser]: 2022-01-02T22:28:49 {3e24} [INFO] - [BrowserProcessHandler] OnCursorChange type:0
[INFO]-[BNL_Browser]: 2022-01-02T22:28:51 {38f8} [INFO] - [BrowserProcessHandler] OnLoadStart type:33554433 frame:17179869185
[INFO]-[BNL_Browser]: 2022-01-02T22:28:51 {38f8} [INFO] - [BrowserProcessHandler] OnLoadEnd frame:17179869185
[INFO]-[BNL_Browser]: 2022-01-02T22:28:51 {38f8} [INFO] - [BrowserProcessHandler] OnLoadingStateChange loading:false goBack:true goForward:false
[INFO]-[BNL_Browser]: 2022-01-02T22:28:51 {38f8} [INFO] - [BrowserProcessHandler] OnTitleChange
[INFO]-[BNL_Browser]: 2022-01-02T22:28:51 {38f8} [INFO] - [BrowserProcessHandler] OnLoadingStateChange loading:true goBack:true goForward:false
[INFO]-[BNL_Browser]: 2022-01-02T22:28:51 {38f8} [INFO] - [BrowserProcessHandler] OnLoadStart type:1073741824 frame:17179869185
[INFO]-[BNL_Browser]: 2022-01-02T22:28:51 {38f8} [INFO] - [BrowserProcessHandler] OnTitleChange
[INFO]-[BNL_Browser]: 2022-01-02T22:28:51 {3e24} [INFO] - [BrowserProcessHandler] OnLoadStart type:33554433 frame:17179869185
[INFO]-[BNL_Browser]: 2022-01-02T22:28:51 {38f8} [INFO] - [BrowserProcessHandler] OnTakeFocus source:0
[INFO]-[BNL_Browser]: 2022-01-02T22:28:51 {38f8} [INFO] - [BrowserProcessHandler] OnGotFocus
[INFO]-[BNL_Browser]: 2022-01-02T22:28:52 {3e24} [INFO] - [BrowserProcessHandler] OnLoadEnd frame:17179869185
[INFO]-[BNL_Browser]: 2022-01-02T22:28:52 {3e24} [INFO] - [BrowserProcessHandler] OnLoadingStateChange loading:false goBack:true goForward:false
[INFO]-[BNL_Browser]: 2022-01-02T22:28:52 {3e24} [INFO] - [BrowserProcessHandler] OnTitleChange
[INFO]-[BNL_Browser]: 2022-01-02T22:28:52 {3e24} [INFO] - [BrowserProcessHandler] OnLoadingStateChange loading:true goBack:true goForward:false
[INFO]-[BNL_Browser]: 2022-01-02T22:28:52 {38f8} [INFO] - [BrowserProcessHandler] OnTakeFocus source:0
[INFO]-[BNL_Browser]: 2022-01-02T22:28:52 {38f8} [INFO] - [BrowserProcessHandler] OnGotFocus
[INFO]-[BNL_Browser]: 2022-01-02T22:28:52 {38f8} [INFO] - [BrowserProcessHandler] OnLoadEnd frame:17179869185
[INFO]-[BNL_Browser]: 2022-01-02T22:28:52 {38f8} [INFO] - [BrowserProcessHandler] OnLoadingStateChange loading:false goBack:true goForward:false
[INFO]-[BNL_Browser]: 2022-01-02T22:28:52 {38f8} [INFO] - [BrowserProcessHandler] OnTitleChange
[INFO]-[BNL_Browser]: 2022-01-02T22:28:53 {3e24} [INFO] - [BrowserProcessHandler] OnLoadStart type:1073741824 frame:17179869185
[INFO]-[BNL_Browser]: 2022-01-02T22:28:53 {3e24} [INFO] - [BrowserProcessHandler] OnTitleChange
[INFO]-[BNL_Browser]: 2022-01-02T22:28:54 {38f8} [INFO] - [BrowserProcessHandler] OnLoadingStateChange loading:true goBack:true goForward:false
[INFO]-[BNL_Browser]: 2022-01-02T22:28:54 {38f8} [INFO] - [BrowserProcessHandler] OnTakeFocus source:0
[INFO]-[BNL_Browser]: 2022-01-02T22:28:54 {38f8} [INFO] - [BrowserProcessHandler] OnGotFocus
[INFO]-[BNL_Browser]: 2022-01-02T22:28:54 {38f8} [INFO] - [BrowserProcessHandler] OnLoadingStateChange loading:false goBack:true goForward:false
[INFO]-[BNL_Browser]: 2022-01-02T22:28:54 {38f8} [INFO] - [BrowserProcessHandler] OnTitleChange
[INFO]-[BNL_Browser]: 2022-01-02T22:28:55 {3e24} [INFO] - [BrowserProcessHandler] OnLoadStart type:3 frame:17179869188
[INFO]-[BNL_Browser]: 2022-01-02T22:28:56 {3e24} [INFO] - [BrowserProcessHandler] OnCursorChange type:3
[INFO]-[BNL_Browser]: 2022-01-02T22:28:56 {3e24} [INFO] - [BrowserProcessHandler] OnLoadEnd frame:17179869188
[INFO]-[BNL_Browser]: 2022-01-02T22:28:56 {3e24} [INFO] - [BrowserProcessHandler] OnLoadEnd frame:17179869185
[INFO]-[BNL_Browser]: 2022-01-02T22:28:56 {3e24} [INFO] - [BrowserProcessHandler] OnLoadingStateChange loading:false goBack:true goForward:false
[INFO]-[BNL_Browser]: 2022-01-02T22:28:56 {3e24} [INFO] - [BrowserProcessHandler] OnTitleChange
[INFO]-[BNL_Browser]: 2022-01-02T22:28:56 {38f8} [INFO] - [BrowserProcessHandler] OnLoadingStateChange loading:true goBack:true goForward:false
[INFO]-[BNL_Browser]: 2022-01-02T22:28:56 {38f8} [INFO] - [BrowserProcessHandler] OnTakeFocus source:0
[INFO]-[BNL_Browser]: 2022-01-02T22:28:56 {38f8} [INFO] - [BrowserProcessHandler] OnGotFocus
[INFO]-[BNL_Browser]: 2022-01-02T22:28:56 {38f8} [INFO] - [BrowserProcessHandler] OnLoadingStateChange loading:false goBack:true goForward:false
[INFO]-[BNL_Browser]: 2022-01-02T22:28:56 {38f8} [INFO] - [BrowserProcessHandler] OnTitleChange
[INFO]-[BNL_Browser]: 2022-01-02T22:28:56 {3e24} [INFO] - [BrowserProcessHandler] OnCursorChange type:0
[INFO]-[BNL_Browser]: 2022-01-02T22:28:56 {3e24} [INFO] - [BrowserProcessHandler] OnTakeFocus source:1
[INFO]-[BNL_Browser]: 2022-01-02T22:28:56 {3e24} [INFO] - [BrowserProcessHandler] OnGotFocus
[INFO]-[BNL_Browser]: 2022-01-02T22:28:56 {3e24} [INFO] - [BrowserProcessHandler] OnTakeFocus source:1
[INFO]-[BNL_Browser]: 2022-01-02T22:28:56 {3e24} [INFO] - [BrowserProcessHandler] OnGotFocus
[INFO]-[BNL_Browser]: 2022-01-02T22:28:56 {3e24} [INFO] - [BrowserProcessHandler] OnImeStateChanged type:0
[INFO]-[BNL_Browser]: 2022-01-02T22:28:56 {3e24} [INFO] - [BrowserProcessHandler] OnPopupShow show:true
[INFO]-[BNL_Browser]: 2022-01-02T22:28:56 {3e24} [INFO] - [BrowserProcessHandler] OnPopupSize rect:{105, 48, 263, 343}
[INFO]-[BNL_Browser]: 2022-01-02T22:28:56 {3e24} [INFO] - [BrowserProcessHandler] OnImeStateChanged type:0
[INFO]-[BNL_Browser]: 2022-01-02T22:28:57 {3e24} [INFO] - [BrowserProcessHandler] OnLoadingStateChange loading:true goBack:true goForward:false
[INFO]-[BNL_Browser]: 2022-01-02T22:28:57 {3e24} [INFO] - [BrowserProcessHandler] OnLoadStart type:3 frame:21474836486
[INFO]-[BNL_Browser]: 2022-01-02T22:28:57 {3e24} [INFO] - [BrowserProcessHandler] OnLoadEnd frame:21474836486
[INFO]-[BNL_Browser]: 2022-01-02T22:28:57 {3e24} [INFO] - [BrowserProcessHandler] OnLoadingStateChange loading:false goBack:true goForward:false
[INFO]-[BNL_Browser]: 2022-01-02T22:28:57 {3e24} [INFO] - [BrowserProcessHandler] OnTitleChange
[INFO]-[BNL_Browser]: 2022-01-02T22:28:57 {38f8} [INFO] - [BrowserProcessHandler] OnLoadingStateChange loading:true goBack:true goForward:false
[INFO]-[BNL_Browser]: 2022-01-02T22:28:57 {38f8} [INFO] - [BrowserProcessHandler] OnTakeFocus source:0
[INFO]-[BNL_Browser]: 2022-01-02T22:28:57 {38f8} [INFO] - [BrowserProcessHandler] OnGotFocus
[INFO]-[BNL_Browser]: 2022-01-02T22:28:57 {38f8} [INFO] - [BrowserProcessHandler] OnLoadingStateChange loading:false goBack:true goForward:false
[INFO]-[BNL_Browser]: 2022-01-02T22:28:57 {38f8} [INFO] - [BrowserProcessHandler] OnTitleChange
[INFO]-[BNL_Browser]: 2022-01-02T22:28:57 {3e24} [INFO] - [BrowserProcessHandler] OnCursorChange type:0
[INFO]-[BNL_Browser]: 2022-01-02T22:28:58 {3e24} [INFO] - [BrowserProcessHandler] OnTakeFocus source:1
[INFO]-[BNL_Browser]: 2022-01-02T22:28:58 {3e24} [INFO] - [BrowserProcessHandler] OnGotFocus
[INFO]-[BNL_Browser]: 2022-01-02T22:28:59 {3e24} [INFO] - [BrowserProcessHandler] OnTakeFocus source:1
[INFO]-[BNL_Browser]: 2022-01-02T22:28:59 {3e24} [INFO] - [BrowserProcessHandler] OnGotFocus
[INFO]-[BNL_Browser]: 2022-01-02T22:28:59 {3e24} [INFO] - [BrowserProcessHandler] OnImeStateChanged type:0
[INFO]-[BNL_Browser]: 2022-01-02T22:28:59 {3e24} [INFO] - [BrowserProcessHandler] OnPopupShow show:false
[INFO]-[BNL_Browser]: 2022-01-02T22:28:59 {3e24} [INFO] - [BrowserProcessHandler] OnImeStateChanged type:0
[INFO]-[BNL_Browser]: 2022-01-02T22:28:59 {3e24} [INFO] - [BrowserProcessHandler] OnCursorChange type:2
[INFO]-[BNL_Browser]: 2022-01-02T22:29:03 {3e24} [INFO] - [BrowserProcessHandler] OnCursorChange type:0
[INFO]-[BNL_Browser]: 2022-01-02T22:29:03 {3e24} [INFO] - [BrowserProcessHandler] OnCursorChange type:2
[INFO]-[BNL_Browser]: 2022-01-02T22:29:03 {3e24} [INFO] - [BrowserProcessHandler] OnCursorChange type:0
[INFO]-[BNL_Browser]: 2022-01-02T22:29:03 {3e24} [INFO] - [BrowserProcessHandler] OnTakeFocus source:1
[INFO]-[BNL_Browser]: 2022-01-02T22:29:03 {3e24} [INFO] - [BrowserProcessHandler] OnGotFocus
[INFO]-[BNL_Browser]: 2022-01-02T22:29:03 {3e24} [INFO] - [BrowserProcessHandler] OnTextSelectionChanged offset:476 range:{476, 476}
[INFO]-[BNL_Browser]: 2022-01-02T22:29:03 {3e24} [INFO] - [BrowserProcessHandler] OnTakeFocus source:1
[INFO]-[BNL_Browser]: 2022-01-02T22:29:03 {3e24} [INFO] - [BrowserProcessHandler] OnGotFocus
[INFO]-[BNL_Browser]: 2022-01-02T22:29:03 {3e24} [INFO] - [BrowserProcessHandler] OnImeStateChanged type:0
[INFO]-[BNL_Browser]: 2022-01-02T22:29:04 {3e24} [INFO] - [BrowserProcessHandler] OnCursorChange type:2
[INFO]-[BNL_Browser]: 2022-01-02T22:29:04 {3e24} [INFO] - [BrowserProcessHandler] OnTakeFocus source:1
[INFO]-[BNL_Browser]: 2022-01-02T22:29:04 {3e24} [INFO] - [BrowserProcessHandler] OnGotFocus
[INFO]-[BNL_Browser]: 2022-01-02T22:29:04 {3e24} [INFO] - [BrowserProcessHandler] OnImeStateChanged type:0
[INFO]-[BNL_Browser]: 2022-01-02T22:29:04 {3e24} [INFO] - [BrowserProcessHandler] OnTakeFocus source:1
[INFO]-[BNL_Browser]: 2022-01-02T22:29:04 {3e24} [INFO] - [BrowserProcessHandler] OnGotFocus
[INFO]-[BNL_Browser]: 2022-01-02T22:29:04 {3e24} [INFO] - [BrowserProcessHandler] OnImeStateChanged type:0
[INFO]-[BNL_Browser]: 2022-01-02T22:29:04 {3e24} [INFO] - [BrowserProcessHandler] OnImeStateChanged type:0
[INFO]-[BNL_Browser]: 2022-01-02T22:29:04 {3e24} [INFO] - [BrowserProcessHandler] OnCursorChange type:0
[INFO]-[BNL_Browser]: 2022-01-02T22:29:04 {3e24} [INFO] - [BrowserProcessHandler] OnCursorChange type:3
[INFO]-[BNL_Browser]: 2022-01-02T22:29:04 {3e24} [INFO] - [BrowserProcessHandler] OnLoadingStateChange loading:true goBack:true goForward:false
[INFO]-[BNL_Browser]: 2022-01-02T22:29:05 {3e24} [INFO] - [BrowserProcessHandler] OnLoadStart type:1073741824 frame:17179869185
[INFO]-[BNL_Browser]: 2022-01-02T22:29:05 {3e24} [INFO] - [BrowserProcessHandler] OnTitleChange
[INFO]-[BNL_Browser]: 2022-01-02T22:29:05 {38f8} [INFO] - [BrowserProcessHandler] OnLoadingStateChange loading:true goBack:true goForward:false
[INFO]-[BNL_Browser]: 2022-01-02T22:29:05 {38f8} [INFO] - [BrowserProcessHandler] OnTakeFocus source:0
[INFO]-[BNL_Browser]: 2022-01-02T22:29:05 {38f8} [INFO] - [BrowserProcessHandler] OnGotFocus
[INFO]-[BNL_Browser]: 2022-01-02T22:29:05 {38f8} [INFO] - [BrowserProcessHandler] OnLoadingStateChange loading:false goBack:true goForward:false
[INFO]-[BNL_Browser]: 2022-01-02T22:29:05 {38f8} [INFO] - [BrowserProcessHandler] OnTitleChange
[INFO]-[BNL_Browser]: 2022-01-02T22:29:05 {3e24} [INFO] - [BrowserProcessHandler] OnCursorChange type:0
[INFO]-[BNL_Browser]: 2022-01-02T22:29:05 {3e24} [INFO] - [BrowserProcessHandler] OnLoadEnd frame:17179869185
[INFO]-[BNL_Browser]: 2022-01-02T22:29:05 {3e24} [INFO] - [BrowserProcessHandler] OnLoadingStateChange loading:false goBack:true goForward:false
[INFO]-[BNL_Browser]: 2022-01-02T22:29:05 {3e24} [INFO] - [BrowserProcessHandler] OnTitleChange
[INFO]-[BNL_Browser]: 2022-01-02T22:29:05 {38f8} [INFO] - [BrowserProcessHandler] OnLoadingStateChange loading:true goBack:true goForward:false
[INFO]-[BNL_Browser]: 2022-01-02T22:29:05 {38f8} [INFO] - [BrowserProcessHandler] OnTakeFocus source:0
[INFO]-[BNL_Browser]: 2022-01-02T22:29:05 {38f8} [INFO] - [BrowserProcessHandler] OnGotFocus
[INFO]-[BNL_Browser]: 2022-01-02T22:29:05 {38f8} [INFO] - [BrowserProcessHandler] OnLoadingStateChange loading:false goBack:true goForward:false
[INFO]-[BNL_Browser]: 2022-01-02T22:29:05 {38f8} [INFO] - [BrowserProcessHandler] OnTitleChange
[INFO]-[BNL_Browser]: 2022-01-02T22:29:06 {3e24} [INFO] - [BrowserProcessHandler] OnCursorChange type:2
[INFO]-[BNL_Browser]: 2022-01-02T22:29:08 {3e24} [INFO] - [BrowserProcessHandler] OnCursorChange type:0
[INFO]-[BNL_Browser]: 2022-01-02T22:29:08 {3e24} [INFO] - [BrowserProcessHandler] OnCursorChange type:2
[INFO]-[BNL_Browser]: 2022-01-02T22:29:08 {3e24} [INFO] - [BrowserProcessHandler] OnCursorChange type:0
[INFO]-[BNL_Browser]: 2022-01-02T22:29:08 {3e24} [INFO] - [BrowserProcessHandler] OnCursorChange type:3
[INFO]-[BNL_Browser]: 2022-01-02T22:29:08 {3e24} [INFO] - [BrowserProcessHandler] OnTakeFocus source:1
[INFO]-[BNL_Browser]: 2022-01-02T22:29:08 {3e24} [INFO] - [BrowserProcessHandler] OnGotFocus
[INFO]-[BNL_Browser]: 2022-01-02T22:29:08 {3e24} [INFO] - [BrowserProcessHandler] OnImeStateChanged type:2
[INFO]-[BNL_Browser]: 2022-01-02T22:29:08 {3e24} [INFO] - [BrowserProcessHandler] OnTextSelectionChanged offset:0 range:{0, 0}
[INFO]-[BNL_Browser]: 2022-01-02T22:29:08 {3e24} [INFO] - [BrowserProcessHandler] OnTakeFocus source:1
[INFO]-[BNL_Browser]: 2022-01-02T22:29:08 {3e24} [INFO] - [BrowserProcessHandler] OnGotFocus
[INFO]-[BNL_Browser]: 2022-01-02T22:29:08 {3e24} [INFO] - [BrowserProcessHandler] OnImeStateChanged type:2
[INFO]-[BNL_Browser]: 2022-01-02T22:29:09 {3e24} [INFO] - [BrowserProcessHandler] OnCursorChange type:0
[INFO]-[BNL_Browser]: 2022-01-02T22:29:09 {3e24} [INFO] - [BrowserProcessHandler] OnCursorChange type:3
[INFO]-[BNL_Browser]: 2022-01-02T22:29:09 {3e24} [INFO] - [BrowserProcessHandler] OnCursorChange type:2
[INFO]-[BNL_Browser]: 2022-01-02T22:29:10 {3e24} [INFO] - [BrowserProcessHandler] OnTakeFocus source:1
[INFO]-[BNL_Browser]: 2022-01-02T22:29:10 {3e24} [INFO] - [BrowserProcessHandler] OnGotFocus
[INFO]-[BNL_Browser]: 2022-01-02T22:29:10 {3e24} [INFO] - [BrowserProcessHandler] OnImeStateChanged type:0
[INFO]-[BNL_Browser]: 2022-01-02T22:29:10 {3e24} [INFO] - [BrowserProcessHandler] OnTextSelectionChanged offset:50 range:{50, 50}
[INFO]-[BNL_Browser]: 2022-01-02T22:29:10 {3e24} [INFO] - [BrowserProcessHandler] OnTakeFocus source:1
[INFO]-[BNL_Browser]: 2022-01-02T22:29:10 {3e24} [INFO] - [BrowserProcessHandler] OnGotFocus
[INFO]-[BNL_Browser]: 2022-01-02T22:29:10 {3e24} [INFO] - [BrowserProcessHandler] OnImeStateChanged type:0
[INFO]-[BNL_Browser]: 2022-01-02T22:29:10 {3e24} [INFO] - [BrowserProcessHandler] OnCursorChange type:3
[INFO]-[BNL_Browser]: 2022-01-02T22:29:10 {3e24} [INFO] - [BrowserProcessHandler] OnTakeFocus source:1
[INFO]-[BNL_Browser]: 2022-01-02T22:29:10 {3e24} [INFO] - [BrowserProcessHandler] OnGotFocus
[INFO]-[BNL_Browser]: 2022-01-02T22:29:10 {3e24} [INFO] - [BrowserProcessHandler] OnImeStateChanged type:1
[INFO]-[BNL_Browser]: 2022-01-02T22:29:10 {3e24} [INFO] - [BrowserProcessHandler] OnTextSelectionChanged offset:0 range:{0, 0}
[INFO]-[BNL_Browser]: 2022-01-02T22:29:10 {3e24} [INFO] - [BrowserProcessHandler] OnTakeFocus source:1
[INFO]-[BNL_Browser]: 2022-01-02T22:29:10 {3e24} [INFO] - [BrowserProcessHandler] OnGotFocus
[INFO]-[BNL_Browser]: 2022-01-02T22:29:10 {3e24} [INFO] - [BrowserProcessHandler] OnImeStateChanged type:1
[INFO]-[BNL_Browser]: 2022-01-02T22:29:11 {3e24} [INFO] - [BrowserProcessHandler] OnImeStateChanged type:1
[INFO]-[BNL_Browser]: 2022-01-02T22:29:11 {3e24} [INFO] - [BrowserProcessHandler] OnTextSelectionChanged offset:0 range:{1, 1}
[INFO]-[BNL_Browser]: 2022-01-02T22:29:11 {3e24} [INFO] - [BrowserProcessHandler] OnImeStateChanged type:1
[INFO]-[BNL_Browser]: 2022-01-02T22:29:11 {3e24} [INFO] - [BrowserProcessHandler] OnTextSelectionChanged offset:0 range:{2, 2}
[INFO]-[BNL_Browser]: 2022-01-02T22:29:12 {3e24} [INFO] - [BrowserProcessHandler] OnImeStateChanged type:1
[INFO]-[BNL_Browser]: 2022-01-02T22:29:12 {3e24} [INFO] - [BrowserProcessHandler] OnTextSelectionChanged offset:0 range:{3, 3}
[INFO]-[BNL_Browser]: 2022-01-02T22:29:13 {3e24} [INFO] - [BrowserProcessHandler] OnImeStateChanged type:1
[INFO]-[BNL_Browser]: 2022-01-02T22:29:13 {3e24} [INFO] - [BrowserProcessHandler] OnTextSelectionChanged offset:0 range:{4, 4}
[INFO]-[BNL_Browser]: 2022-01-02T22:29:14 {3e24} [INFO] - [BrowserProcessHandler] OnImeStateChanged type:1
[INFO]-[BNL_Browser]: 2022-01-02T22:29:14 {3e24} [INFO] - [BrowserProcessHandler] OnTextSelectionChanged offset:0 range:{5, 5}
[INFO]-[BNL_Browser]: 2022-01-02T22:29:14 {3e24} [INFO] - [BrowserProcessHandler] OnImeStateChanged type:1
[INFO]-[BNL_Browser]: 2022-01-02T22:29:14 {3e24} [INFO] - [BrowserProcessHandler] OnTextSelectionChanged offset:0 range:{6, 6}
[INFO]-[BNL_Browser]: 2022-01-02T22:29:15 {3e24} [INFO] - [BrowserProcessHandler] OnImeStateChanged type:1
[INFO]-[BNL_Browser]: 2022-01-02T22:29:15 {3e24} [INFO] - [BrowserProcessHandler] OnTextSelectionChanged offset:0 range:{7, 7}
[INFO]-[BNL_Browser]: 2022-01-02T22:29:15 {3e24} [INFO] - [BrowserProcessHandler] OnImeStateChanged type:1
[INFO]-[BNL_Browser]: 2022-01-02T22:29:15 {3e24} [INFO] - [BrowserProcessHandler] OnTextSelectionChanged offset:0 range:{8, 8}
[INFO]-[BNL_Browser]: 2022-01-02T22:29:15 {3e24} [INFO] - [BrowserProcessHandler] OnImeStateChanged type:1
[INFO]-[BNL_Browser]: 2022-01-02T22:29:15 {3e24} [INFO] - [BrowserProcessHandler] OnTextSelectionChanged offset:0 range:{9, 9}
[INFO]-[BNL_Browser]: 2022-01-02T22:29:16 {3e24} [INFO] - [BrowserProcessHandler] OnImeStateChanged type:1
[INFO]-[BNL_Browser]: 2022-01-02T22:29:16 {3e24} [INFO] - [BrowserProcessHandler] OnTextSelectionChanged offset:0 range:{10, 10}
[INFO]-[BNL_Browser]: 2022-01-02T22:29:16 {3e24} [INFO] - [BrowserProcessHandler] OnImeStateChanged type:1
[INFO]-[BNL_Browser]: 2022-01-02T22:29:16 {3e24} [INFO] - [BrowserProcessHandler] OnTextSelectionChanged offset:0 range:{11, 11}
[INFO]-[BNL_Browser]: 2022-01-02T22:29:17 {3e24} [INFO] - [BrowserProcessHandler] OnImeStateChanged type:1
[INFO]-[BNL_Browser]: 2022-01-02T22:29:17 {3e24} [INFO] - [BrowserProcessHandler] OnTextSelectionChanged offset:0 range:{12, 12}
[INFO]-[BNL_Browser]: 2022-01-02T22:29:17 {3e24} [INFO] - [BrowserProcessHandler] OnLoadingStateChange loading:true goBack:true goForward:false
[INFO]-[BNL_Browser]: 2022-01-02T22:29:18 {3e24} [INFO] - [BrowserProcessHandler] OnLoadStart type:7 frame:17179869185
[INFO]-[BNL_Browser]: 2022-01-02T22:29:18 {3e24} [INFO] - [BrowserProcessHandler] OnTitleChange
[INFO]-[BNL_Browser]: 2022-01-02T22:29:18 {38f8} [INFO] - [BrowserProcessHandler] OnLoadingStateChange loading:true goBack:true goForward:false
[INFO]-[BNL_Browser]: 2022-01-02T22:29:18 {38f8} [INFO] - [BrowserProcessHandler] OnTakeFocus source:0
[INFO]-[BNL_Browser]: 2022-01-02T22:29:18 {38f8} [INFO] - [BrowserProcessHandler] OnGotFocus
[INFO]-[BNL_Browser]: 2022-01-02T22:29:18 {38f8} [INFO] - [BrowserProcessHandler] OnLoadingStateChange loading:false goBack:true goForward:false
[INFO]-[BNL_Browser]: 2022-01-02T22:29:18 {38f8} [INFO] - [BrowserProcessHandler] OnTitleChange
[INFO]-[BNL_Browser]: 2022-01-02T22:29:18 {3e24} [INFO] - [BrowserProcessHandler] OnImeStateChanged type:0
[INFO]-[BNL_Browser]: 2022-01-02T22:29:18 {3e24} [INFO] - [BrowserProcessHandler] OnCursorChange type:0
[INFO]-[BNL_Browser]: 2022-01-02T22:29:18 {3e24} [INFO] - [BrowserProcessHandler] OnLoadStart type:3 frame:17179869192
[INFO]-[BNL_Browser]: 2022-01-02T22:29:19 {3e24} [INFO] - [BrowserProcessHandler] OnLoadEnd frame:17179869192
[INFO]-[BNL_Browser]: 2022-01-02T22:29:19 {3e24} [INFO] - [BrowserProcessHandler] OnLoadEnd frame:17179869185
[INFO]-[BNL_Browser]: 2022-01-02T22:29:19 {3e24} [INFO] - [BrowserProcessHandler] OnLoadingStateChange loading:false goBack:true goForward:false
[INFO]-[BNL_Browser]: 2022-01-02T22:29:19 {3e24} [INFO] - [BrowserProcessHandler] OnTitleChange
[INFO]-[BNL_Browser]: 2022-01-02T22:29:19 {38f8} [INFO] - [BrowserProcessHandler] OnLoadingStateChange loading:true goBack:true goForward:false
[INFO]-[BNL_Browser]: 2022-01-02T22:29:19 {38f8} [INFO] - [BrowserProcessHandler] OnTakeFocus source:0
[INFO]-[BNL_Browser]: 2022-01-02T22:29:19 {38f8} [INFO] - [BrowserProcessHandler] OnGotFocus
[INFO]-[BNL_Browser]: 2022-01-02T22:29:19 {38f8} [INFO] - [BrowserProcessHandler] OnLoadingStateChange loading:false goBack:true goForward:false
[INFO]-[BNL_Browser]: 2022-01-02T22:29:19 {38f8} [INFO] - [BrowserProcessHandler] OnTitleChange
[INFO]-[BNL_Browser]: 2022-01-02T22:29:19 {3e24} [INFO] - [BrowserProcessHandler] OnLoadingStateChange loading:true goBack:true goForward:false
[INFO]-[BNL_Browser]: 2022-01-02T22:29:19 {3e24} [INFO] - [BrowserProcessHandler] OnLoadingStateChange loading:false goBack:true goForward:false
[INFO]-[BNL_Browser]: 2022-01-02T22:29:19 {3e24} [INFO] - [BrowserProcessHandler] OnTitleChange
[INFO]-[BNL_Browser]: 2022-01-02T22:29:19 {3e24} [INFO] - [BrowserProcessHandler] OnLoadingStateChange loading:true goBack:true goForward:false
[INFO]-[BNL_Browser]: 2022-01-02T22:29:19 {3e24} [INFO] - [BrowserProcessHandler] OnLoadStart type:3 frame:25769803782
[INFO]-[BNL_Browser]: 2022-01-02T22:29:19 {3e24} [INFO] - [BrowserProcessHandler] OnLoadEnd frame:25769803782
[INFO]-[BNL_Browser]: 2022-01-02T22:29:19 {3e24} [INFO] - [BrowserProcessHandler] OnLoadingStateChange loading:false goBack:true goForward:false
[WARNING]-[BNL_Browser]: 2022-01-02T22:29:19 {3e24} [WARNING] - [NavigationStateHandler] Bad loading state detected. We received a `loading end` before a `loading begin`.
[INFO]-[BNL_Browser]: 2022-01-02T22:29:19 {3e24} [INFO] - [BrowserProcessHandler] OnTitleChange
[INFO]-[BNL_Browser]: 2022-01-02T22:29:19 {38f8} [INFO] - [BrowserProcessHandler] OnLoadingStateChange loading:true goBack:true goForward:false
[INFO]-[BNL_Browser]: 2022-01-02T22:29:19 {38f8} [INFO] - [BrowserProcessHandler] OnTakeFocus source:0
[INFO]-[BNL_Browser]: 2022-01-02T22:29:19 {38f8} [INFO] - [BrowserProcessHandler] OnGotFocus
[INFO]-[BNL_Browser]: 2022-01-02T22:29:19 {38f8} [INFO] - [BrowserProcessHandler] OnLoadingStateChange loading:false goBack:true goForward:false
[INFO]-[BNL_Browser]: 2022-01-02T22:29:19 {38f8} [INFO] - [BrowserProcessHandler] OnTitleChange
[INFO]-[BNL_Browser]: 2022-01-02T22:29:20 {3e24} [INFO] - [BrowserProcessHandler] OnLoadingStateChange loading:true goBack:true goForward:false
[INFO]-[BNL_Browser]: 2022-01-02T22:29:20 {3e24} [INFO] - [BrowserProcessHandler] OnLoadStart type:1073741824 frame:17179869185
[INFO]-[BNL_Browser]: 2022-01-02T22:29:20 {3e24} [INFO] - [BrowserProcessHandler] OnTitleChange
[INFO]-[BNL_Browser]: 2022-01-02T22:29:20 {38f8} [INFO] - [BrowserProcessHandler] OnLoadingStateChange loading:true goBack:true goForward:false
[INFO]-[BNL_Browser]: 2022-01-02T22:29:20 {38f8} [INFO] - [BrowserProcessHandler] OnTakeFocus source:0
[INFO]-[BNL_Browser]: 2022-01-02T22:29:20 {38f8} [INFO] - [BrowserProcessHandler] OnGotFocus
[INFO]-[BNL_Browser]: 2022-01-02T22:29:20 {38f8} [INFO] - [BrowserProcessHandler] OnLoadingStateChange loading:false goBack:true goForward:false
[INFO]-[BNL_Browser]: 2022-01-02T22:29:20 {38f8} [INFO] - [BrowserProcessHandler] OnTitleChange
[INFO]-[BNL_Browser]: 2022-01-02T22:29:20 {3e24} [INFO] - [BrowserProcessHandler] OnLoadEnd frame:17179869185
[INFO]-[BNL_Browser]: 2022-01-02T22:29:20 {3e24} [INFO] - [BrowserProcessHandler] OnLoadingStateChange loading:false goBack:true goForward:false
[INFO]-[BNL_Browser]: 2022-01-02T22:29:20 {3e24} [INFO] - [BrowserProcessHandler] OnTitleChange
[INFO]-[BNL_Browser]: 2022-01-02T22:29:20 {38f8} [INFO] - [BrowserProcessHandler] OnLoadingStateChange loading:true goBack:true goForward:false
[INFO]-[BNL_Browser]: 2022-01-02T22:29:20 {38f8} [INFO] - [BrowserProcessHandler] OnTakeFocus source:0
[INFO]-[BNL_Browser]: 2022-01-02T22:29:20 {38f8} [INFO] - [BrowserProcessHandler] OnGotFocus
[INFO]-[BNL_Browser]: 2022-01-02T22:29:20 {38f8} [INFO] - [BrowserProcessHandler] OnLoadingStateChange loading:false goBack:true goForward:false
[INFO]-[BNL_Browser]: 2022-01-02T22:29:20 {38f8} [INFO] - [BrowserProcessHandler] OnTitleChange
[INFO]-[BNL_Browser]: 2022-01-02T22:29:21 {3e24} [INFO] - [BrowserProcessHandler] OnLoadingStateChange loading:true goBack:true goForward:false
[INFO]-[BNL_Browser]: 2022-01-02T22:29:21 {3e24} [INFO] - [BrowserProcessHandler] OnLoadStart type:1073741824 frame:17179869185
[INFO]-[BNL_Browser]: 2022-01-02T22:29:21 {38f8} [INFO] - [BrowserProcessHandler] OnLoadingStateChange loading:true goBack:true goForward:false
[INFO]-[BNL_Browser]: 2022-01-02T22:29:21 {38f8} [INFO] - [BrowserProcessHandler] OnTakeFocus source:0
[INFO]-[BNL_Browser]: 2022-01-02T22:29:21 {38f8} [INFO] - [BrowserProcessHandler] OnGotFocus
[INFO]-[BNL_Browser]: 2022-01-02T22:29:21 {38f8} [INFO] - [BrowserProcessHandler] OnLoadingStateChange loading:false goBack:true goForward:false
[INFO]-[BNL_Browser]: 2022-01-02T22:29:21 {38f8} [INFO] - [BrowserProcessHandler] OnTitleChange
[INFO]-[BNL_Browser]: 2022-01-02T22:29:22 {3e24} [INFO] - [BrowserProcessHandler] OnLoadEnd frame:17179869185
[INFO]-[BNL_Browser]: 2022-01-02T22:29:22 {3e24} [INFO] - [BrowserProcessHandler] OnLoadingStateChange loading:false goBack:true goForward:false
[INFO]-[BNL_Browser]: 2022-01-02T22:29:22 {3e24} [INFO] - [BrowserProcessHandler] OnTitleChange
[INFO]-[BNL_Browser]: 2022-01-02T22:29:22 {38f8} [INFO] - [BrowserProcessHandler] OnLoadingStateChange loading:true goBack:true goForward:false
[INFO]-[BNL_Browser]: 2022-01-02T22:29:22 {38f8} [INFO] - [BrowserProcessHandler] OnTakeFocus source:0
[INFO]-[BNL_Browser]: 2022-01-02T22:29:22 {38f8} [INFO] - [BrowserProcessHandler] OnGotFocus
[INFO]-[BNL_Browser]: 2022-01-02T22:29:22 {38f8} [INFO] - [BrowserProcessHandler] OnLoadingStateChange loading:false goBack:true goForward:false
[INFO]-[BNL_Browser]: 2022-01-02T22:29:22 {38f8} [INFO] - [BrowserProcessHandler] OnTitleChange
[INFO]-[BNL_Browser]: 2022-01-02T22:29:23 {3e24} [INFO] - [BrowserProcessHandler] OnCursorChange type:2
[INFO]-[BNL_Browser]: 2022-01-02T22:29:23 {3e24} [INFO] - [BrowserProcessHandler] OnTakeFocus source:1
[INFO]-[BNL_Browser]: 2022-01-02T22:29:23 {3e24} [INFO] - [BrowserProcessHandler] OnGotFocus
[INFO]-[BNL_Browser]: 2022-01-02T22:29:23 {3e24} [INFO] - [BrowserProcessHandler] OnTextSelectionChanged offset:225 range:{225, 225}
[INFO]-[BNL_Browser]: 2022-01-02T22:29:23 {3e24} [INFO] - [BrowserProcessHandler] OnTakeFocus source:1
[INFO]-[BNL_Browser]: 2022-01-02T22:29:23 {3e24} [INFO] - [BrowserProcessHandler] OnGotFocus
[INFO]-[BNL_Browser]: 2022-01-02T22:29:23 {3e24} [INFO] - [BrowserProcessHandler] OnImeStateChanged type:0
[INFO]-[BNL_Scene]: 2022-01-02T22:29:23 {3e24} [INFO] - received shutdown message from client.
[INFO]-[BNL_Scene]: 2022-01-02T22:29:23 {38f8} [INFO] - received shutdown message from client.
[INFO]-[BNL_Browser]: 2022-01-02T22:29:23 {3e24} [INFO] - [BrowserProcessHandler] Shutdown invoked
[INFO]-[BNL_Browser]: 2022-01-02T22:29:23 {38f8} [INFO] - [BrowserProcessHandler] Shutdown invoked
[INFO]-[BNL_Browser]: 2022-01-02T22:29:23 {38f8} [INFO] - [BrowserProcessHandler] OnBeforeClose
[INFO]-[BNL_Browser]: 2022-01-02T22:29:23 {3e24} [INFO] - [BrowserProcessHandler] OnBeforeClose
